<?xml version="1.0" encoding="UTF-8"?>
<!-- Generated by org.testng.reporters.JUnitReportReporter -->
<testsuite hostname="salimsouidi" failures="0" tests="4" name="tests.DryPattern" time="20.443" errors="0" timestamp="2024-08-13T06:02:11 GMT+01:00" skipped="0">
  <testcase classname="tests.DryPattern" name="loginPage" time="6.202"/>
  <testcase classname="tests.DryPattern" name="loginPage" time="4.878"/>
  <testcase classname="tests.DryPattern" name="loginPage" time="5.258"/>
  <testcase classname="tests.DryPattern" name="getTiltle" time="4.105"/>
</testsuite> <!-- tests.DryPattern -->
