<?xml version="1.0" encoding="UTF-8"?>
<!-- Generated by org.testng.reporters.JUnitReportReporter -->
<testsuite hostname="salimsouidi" failures="0" tests="2" name="tests.TestngDemo" time="1.016" errors="0" timestamp="2024-08-13T05:50:03 GMT+01:00" skipped="0">
  <testcase classname="tests.TestngDemo" name="getTiltle" time="0.097"/>
  <testcase classname="tests.TestngDemo" name="loginPage" time="0.919"/>
</testsuite> <!-- tests.TestngDemo -->
