<?xml version="1.0" encoding="UTF-8"?>
<!-- Generated by org.testng.reporters.JUnitReportReporter -->
<testsuite hostname="salimsouidi" failures="0" tests="1" name="tests.LoginPageTest" time="0.425" errors="0" timestamp="2024-08-13T15:39:11 GMT+01:00" skipped="0">
  <testcase classname="tests.LoginPageTest" name="loginTest" time="0.425"/>
</testsuite> <!-- tests.LoginPageTest -->
