<?xml version="1.0" encoding="UTF-8"?>
<!-- Generated by org.testng.reporters.JUnitReportReporter -->
<testsuite hostname="salimsouidi" failures="0" tests="1" name="tests.AddItemToCartTest" time="0.199" errors="0" timestamp="2024-08-13T15:39:11 GMT+01:00" skipped="0">
  <testcase classname="tests.AddItemToCartTest" name="addItemToCartTest" time="0.199"/>
</testsuite> <!-- tests.AddItemToCartTest -->
